# JRE version: OpenJDK Runtime Environment AdoptOpenJDK (11.0.10+9) (build 11.0.10+9)
# Java VM: OpenJDK 64-Bit Server VM AdoptOpenJDK (11.0.10+9, mixed mode, tiered, compressed oops, parallel gc, windows-amd64)
Heap:
 PSYoungGen      total 27648K, used 26685K [0x00000000eab00000, 0x00000000ece80000, 0x0000000100000000)
  eden space 23552K, 96% used [0x00000000eab00000,0x00000000ec12ad70,0x00000000ec200000)
  from space 4096K, 99% used [0x00000000ec800000,0x00000000ecbfa670,0x00000000ecc00000)
  to   space 6144K, 0% used [0x00000000ec200000,0x00000000ec200000,0x00000000ec800000)
 ParOldGen       total 68608K, used 14350K [0x00000000c0000000, 0x00000000c4300000, 0x00000000eab00000)
  object space 68608K, 20% used [0x00000000c0000000,0x00000000c0e03988,0x00000000c4300000)
 Metaspace       used 39308K, capacity 41295K, committed 41472K, reserved 1085440K
  class space    used 4068K, capacity 4805K, committed 4864K, reserved 1048576K
GC Heap History (20 events):
Event: 3.401 GC heap before
{Heap before GC invocations=1 (full 0):
 PSYoungGen      total 29696K, used 25600K [0x00000000eab00000, 0x00000000ecc00000, 0x0000000100000000)
  eden space 25600K, 100% used [0x00000000eab00000,0x00000000ec400000,0x00000000ec400000)
  from space 4096K, 0% used [0x00000000ec800000,0x00000000ec800000,0x00000000ecc00000)
  to   space 4096K, 0% used [0x00000000ec400000,0x00000000ec400000,0x00000000ec800000)
 ParOldGen       total 68608K, used 0K [0x00000000c0000000, 0x00000000c4300000, 0x00000000eab00000)
  object space 68608K, 0% used [0x00000000c0000000,0x00000000c0000000,0x00000000c4300000)
 Metaspace       used 13074K, capacity 13373K, committed 13696K, reserved 1060864K
  class space    used 1205K, capacity 1286K, committed 1408K, reserved 1048576K
}
Event: 3.433 GC heap after
{Heap after GC invocations=1 (full 0):
 PSYoungGen      total 29696K, used 4093K [0x00000000eab00000, 0x00000000ecc00000, 0x0000000100000000)
  eden space 25600K, 0% used [0x00000000eab00000,0x00000000eab00000,0x00000000ec400000)
  from space 4096K, 99% used [0x00000000ec400000,0x00000000ec7ff658,0x00000000ec800000)
  to   space 4096K, 0% used [0x00000000ec800000,0x00000000ec800000,0x00000000ecc00000)
 ParOldGen       total 68608K, used 406K [0x00000000c0000000, 0x00000000c4300000, 0x00000000eab00000)
  object space 68608K, 0% used [0x00000000c0000000,0x00000000c0065810,0x00000000c4300000)
 Metaspace       used 13074K, capacity 13373K, committed 13696K, reserved 1060864K
  class space    used 1205K, capacity 1286K, committed 1408K, reserved 1048576K
}
Event: 5.320 GC heap before
{Heap before GC invocations=2 (full 0):
 PSYoungGen      total 29696K, used 20048K [0x00000000eab00000, 0x00000000ecc00000, 0x0000000100000000)
  eden space 25600K, 62% used [0x00000000eab00000,0x00000000eba94d38,0x00000000ec400000)
  from space 4096K, 99% used [0x00000000ec400000,0x00000000ec7ff658,0x00000000ec800000)
  to   space 4096K, 0% used [0x00000000ec800000,0x00000000ec800000,0x00000000ecc00000)
 ParOldGen       total 68608K, used 406K [0x00000000c0000000, 0x00000000c4300000, 0x00000000eab00000)
  object space 68608K, 0% used [0x00000000c0000000,0x00000000c0065810,0x00000000c4300000)
 Metaspace       used 20235K, capacity 21182K, committed 21248K, reserved 1069056K
  class space    used 1923K, capacity 2296K, committed 2304K, reserved 1048576K
}
Event: 5.334 GC heap after
{Heap after GC invocations=2 (full 0):
 PSYoungGen      total 29696K, used 4070K [0x00000000eab00000, 0x00000000ecc00000, 0x0000000100000000)
  eden space 25600K, 0% used [0x00000000eab00000,0x00000000eab00000,0x00000000ec400000)
  from space 4096K, 99% used [0x00000000ec800000,0x00000000ecbf9960,0x00000000ecc00000)
  to   space 4096K, 0% used [0x00000000ec400000,0x00000000ec400000,0x00000000ec800000)
 ParOldGen       total 68608K, used 2618K [0x00000000c0000000, 0x00000000c4300000, 0x00000000eab00000)
  object space 68608K, 3% used [0x00000000c0000000,0x00000000c028e8c8,0x00000000c4300000)
 Metaspace       used 20235K, capacity 21182K, committed 21248K, reserved 1069056K
  class space    used 1923K, capacity 2296K, committed 2304K, reserved 1048576K
}
Event: 5.334 GC heap before
{Heap before GC invocations=3 (full 1):
 PSYoungGen      total 29696K, used 4070K [0x00000000eab00000, 0x00000000ecc00000, 0x0000000100000000)
  eden space 25600K, 0% used [0x00000000eab00000,0x00000000eab00000,0x00000000ec400000)
  from space 4096K, 99% used [0x00000000ec800000,0x00000000ecbf9960,0x00000000ecc00000)
  to   space 4096K, 0% used [0x00000000ec400000,0x00000000ec400000,0x00000000ec800000)
 ParOldGen       total 68608K, used 2618K [0x00000000c0000000, 0x00000000c4300000, 0x00000000eab00000)
  object space 68608K, 3% used [0x00000000c0000000,0x00000000c028e8c8,0x00000000c4300000)
 Metaspace       used 20235K, capacity 21182K, committed 21248K, reserved 1069056K
  class space    used 1923K, capacity 2296K, committed 2304K, reserved 1048576K
}
Event: 5.426 GC heap after
{Heap after GC invocations=3 (full 1):
 PSYoungGen      total 29696K, used 0K [0x00000000eab00000, 0x00000000ecc00000, 0x0000000100000000)
  eden space 25600K, 0% used [0x00000000eab00000,0x00000000eab00000,0x00000000ec400000)
  from space 4096K, 0% used [0x00000000ec800000,0x00000000ec800000,0x00000000ecc00000)
  to   space 4096K, 0% used [0x00000000ec400000,0x00000000ec400000,0x00000000ec800000)
 ParOldGen       total 68608K, used 6629K [0x00000000c0000000, 0x00000000c4300000, 0x00000000eab00000)
  object space 68608K, 9% used [0x00000000c0000000,0x00000000c0679548,0x00000000c4300000)
 Metaspace       used 20235K, capacity 21182K, committed 21248K, reserved 1069056K
  class space    used 1923K, capacity 2296K, committed 2304K, reserved 1048576K
}
Event: 7.159 GC heap before
{Heap before GC invocations=4 (full 1):
 PSYoungGen      total 29696K, used 25600K [0x00000000eab00000, 0x00000000ecc00000, 0x0000000100000000)
  eden space 25600K, 100% used [0x00000000eab00000,0x00000000ec400000,0x00000000ec400000)
  from space 4096K, 0% used [0x00000000ec800000,0x00000000ec800000,0x00000000ecc00000)
  to   space 4096K, 0% used [0x00000000ec400000,0x00000000ec400000,0x00000000ec800000)
 ParOldGen       total 68608K, used 6629K [0x00000000c0000000, 0x00000000c4300000, 0x00000000eab00000)
  object space 68608K, 9% used [0x00000000c0000000,0x00000000c0679548,0x00000000c4300000)
 Metaspace       used 25849K, capacity 27287K, committed 27520K, reserved 1073152K
  class space    used 2402K, capacity 2914K, committed 2944K, reserved 1048576K
}
Event: 7.186 GC heap after
{Heap after GC invocations=4 (full 1):
 PSYoungGen      total 29696K, used 3030K [0x00000000eab00000, 0x00000000ecc00000, 0x0000000100000000)
  eden space 25600K, 0% used [0x00000000eab00000,0x00000000eab00000,0x00000000ec400000)
  from space 4096K, 73% used [0x00000000ec400000,0x00000000ec6f5818,0x00000000ec800000)
  to   space 4096K, 0% used [0x00000000ec800000,0x00000000ec800000,0x00000000ecc00000)
 ParOldGen       total 68608K, used 6645K [0x00000000c0000000, 0x00000000c4300000, 0x00000000eab00000)
  object space 68608K, 9% used [0x00000000c0000000,0x00000000c067d560,0x00000000c4300000)
 Metaspace       used 25849K, capacity 27287K, committed 27520K, reserved 1073152K
  class space    used 2402K, capacity 2914K, committed 2944K, reserved 1048576K
}
Event: 9.868 GC heap before
{Heap before GC invocations=5 (full 1):
 PSYoungGen      total 29696K, used 28630K [0x00000000eab00000, 0x00000000ecc00000, 0x0000000100000000)
  eden space 25600K, 100% used [0x00000000eab00000,0x00000000ec400000,0x00000000ec400000)
  from space 4096K, 73% used [0x00000000ec400000,0x00000000ec6f5818,0x00000000ec800000)
  to   space 4096K, 0% used [0x00000000ec800000,0x00000000ec800000,0x00000000ecc00000)
 ParOldGen       total 68608K, used 6645K [0x00000000c0000000, 0x00000000c4300000, 0x00000000eab00000)
  object space 68608K, 9% used [0x00000000c0000000,0x00000000c067d560,0x00000000c4300000)
 Metaspace       used 31933K, capacity 33964K, committed 34176K, reserved 1079296K
  class space    used 3144K, capacity 3860K, committed 3968K, reserved 1048576K
}
Event: 9.887 GC heap after
{Heap after GC invocations=5 (full 1):
 PSYoungGen      total 29696K, used 4094K [0x00000000eab00000, 0x00000000ecc00000, 0x0000000100000000)
  eden space 25600K, 0% used [0x00000000eab00000,0x00000000eab00000,0x00000000ec400000)
  from space 4096K, 99% used [0x00000000ec800000,0x00000000ecbffb88,0x00000000ecc00000)
  to   space 4096K, 0% used [0x00000000ec400000,0x00000000ec400000,0x00000000ec800000)
 ParOldGen       total 68608K, used 8022K [0x00000000c0000000, 0x00000000c4300000, 0x00000000eab00000)
  object space 68608K, 11% used [0x00000000c0000000,0x00000000c07d5948,0x00000000c4300000)
 Metaspace       used 31933K, capacity 33964K, committed 34176K, reserved 1079296K
  class space    used 3144K, capacity 3860K, committed 3968K, reserved 1048576K
}
Event: 10.139 GC heap before
{Heap before GC invocations=6 (full 1):
 PSYoungGen      total 29696K, used 11276K [0x00000000eab00000, 0x00000000ecc00000, 0x0000000100000000)
  eden space 25600K, 28% used [0x00000000eab00000,0x00000000eb203718,0x00000000ec400000)
  from space 4096K, 99% used [0x00000000ec800000,0x00000000ecbffb88,0x00000000ecc00000)
  to   space 4096K, 0% used [0x00000000ec400000,0x00000000ec400000,0x00000000ec800000)
 ParOldGen       total 68608K, used 8022K [0x00000000c0000000, 0x00000000c4300000, 0x00000000eab00000)
  object space 68608K, 11% used [0x00000000c0000000,0x00000000c07d5948,0x00000000c4300000)
 Metaspace       used 33298K, capacity 35214K, committed 35328K, reserved 1081344K
  class space    used 3302K, capacity 4001K, committed 4096K, reserved 1048576K
}
Event: 10.170 GC heap after
{Heap after GC invocations=6 (full 1):
 PSYoungGen      total 29696K, used 4073K [0x00000000eab00000, 0x00000000ece00000, 0x0000000100000000)
  eden space 25600K, 0% used [0x00000000eab00000,0x00000000eab00000,0x00000000ec400000)
  from space 4096K, 99% used [0x00000000ec400000,0x00000000ec7fa628,0x00000000ec800000)
  to   space 5120K, 0% used [0x00000000ec900000,0x00000000ec900000,0x00000000ece00000)
 ParOldGen       total 68608K, used 8453K [0x00000000c0000000, 0x00000000c4300000, 0x00000000eab00000)
  object space 68608K, 12% used [0x00000000c0000000,0x00000000c08414a0,0x00000000c4300000)
 Metaspace       used 33298K, capacity 35214K, committed 35328K, reserved 1081344K
  class space    used 3302K, capacity 4001K, committed 4096K, reserved 1048576K
}
Event: 10.170 GC heap before
{Heap before GC invocations=7 (full 2):
 PSYoungGen      total 29696K, used 4073K [0x00000000eab00000, 0x00000000ece00000, 0x0000000100000000)
  eden space 25600K, 0% used [0x00000000eab00000,0x00000000eab00000,0x00000000ec400000)
  from space 4096K, 99% used [0x00000000ec400000,0x00000000ec7fa628,0x00000000ec800000)
  to   space 5120K, 0% used [0x00000000ec900000,0x00000000ec900000,0x00000000ece00000)
 ParOldGen       total 68608K, used 8453K [0x00000000c0000000, 0x00000000c4300000, 0x00000000eab00000)
  object space 68608K, 12% used [0x00000000c0000000,0x00000000c08414a0,0x00000000c4300000)
 Metaspace       used 33298K, capacity 35214K, committed 35328K, reserved 1081344K
  class space    used 3302K, capacity 4001K, committed 4096K, reserved 1048576K
}
Event: 10.414 GC heap after
{Heap after GC invocations=7 (full 2):
 PSYoungGen      total 29696K, used 0K [0x00000000eab00000, 0x00000000ece00000, 0x0000000100000000)
  eden space 25600K, 0% used [0x00000000eab00000,0x00000000eab00000,0x00000000ec400000)
  from space 4096K, 0% used [0x00000000ec400000,0x00000000ec400000,0x00000000ec800000)
  to   space 5120K, 0% used [0x00000000ec900000,0x00000000ec900000,0x00000000ece00000)
 ParOldGen       total 68608K, used 12359K [0x00000000c0000000, 0x00000000c4300000, 0x00000000eab00000)
  object space 68608K, 18% used [0x00000000c0000000,0x00000000c0c11f58,0x00000000c4300000)
 Metaspace       used 33298K, capacity 35214K, committed 35328K, reserved 1081344K
  class space    used 3302K, capacity 4001K, committed 4096K, reserved 1048576K
}
Event: 11.262 GC heap before
{Heap before GC invocations=8 (full 2):
 PSYoungGen      total 29696K, used 25600K [0x00000000eab00000, 0x00000000ece00000, 0x0000000100000000)
  eden space 25600K, 100% used [0x00000000eab00000,0x00000000ec400000,0x00000000ec400000)
  from space 4096K, 0% used [0x00000000ec400000,0x00000000ec400000,0x00000000ec800000)
  to   space 5120K, 0% used [0x00000000ec900000,0x00000000ec900000,0x00000000ece00000)
 ParOldGen       total 68608K, used 12359K [0x00000000c0000000, 0x00000000c4300000, 0x00000000eab00000)
  object space 68608K, 18% used [0x00000000c0000000,0x00000000c0c11f58,0x00000000c4300000)
 Metaspace       used 34687K, capacity 36616K, committed 36736K, reserved 1081344K
  class space    used 3466K, capacity 4146K, committed 4224K, reserved 1048576K
}
Event: 11.291 GC heap after
{Heap after GC invocations=8 (full 2):
 PSYoungGen      total 27648K, used 2268K [0x00000000eab00000, 0x00000000ecb80000, 0x0000000100000000)
  eden space 25088K, 0% used [0x00000000eab00000,0x00000000eab00000,0x00000000ec380000)
  from space 2560K, 88% used [0x00000000ec900000,0x00000000ecb37270,0x00000000ecb80000)
  to   space 3584K, 0% used [0x00000000ec480000,0x00000000ec480000,0x00000000ec800000)
 ParOldGen       total 68608K, used 12367K [0x00000000c0000000, 0x00000000c4300000, 0x00000000eab00000)
  object space 68608K, 18% used [0x00000000c0000000,0x00000000c0c13f58,0x00000000c4300000)
 Metaspace       used 34687K, capacity 36616K, committed 36736K, reserved 1081344K
  class space    used 3466K, capacity 4146K, committed 4224K, reserved 1048576K
}
Event: 11.804 GC heap before
{Heap before GC invocations=9 (full 2):
 PSYoungGen      total 27648K, used 27356K [0x00000000eab00000, 0x00000000ecb80000, 0x0000000100000000)
  eden space 25088K, 100% used [0x00000000eab00000,0x00000000ec380000,0x00000000ec380000)
  from space 2560K, 88% used [0x00000000ec900000,0x00000000ecb37270,0x00000000ecb80000)
  to   space 3584K, 0% used [0x00000000ec480000,0x00000000ec480000,0x00000000ec800000)
 ParOldGen       total 68608K, used 12367K [0x00000000c0000000, 0x00000000c4300000, 0x00000000eab00000)
  object space 68608K, 18% used [0x00000000c0000000,0x00000000c0c13f58,0x00000000c4300000)
 Metaspace       used 34928K, capacity 36776K, committed 36992K, reserved 1081344K
  class space    used 3505K, capacity 4178K, committed 4224K, reserved 1048576K
}
Event: 11.963 GC heap after
{Heap after GC invocations=9 (full 2):
 PSYoungGen      total 28160K, used 3574K [0x00000000eab00000, 0x00000000ecc00000, 0x0000000100000000)
  eden space 24576K, 0% used [0x00000000eab00000,0x00000000eab00000,0x00000000ec300000)
  from space 3584K, 99% used [0x00000000ec480000,0x00000000ec7fdb58,0x00000000ec800000)
  to   space 4096K, 0% used [0x00000000ec800000,0x00000000ec800000,0x00000000ecc00000)
 ParOldGen       total 68608K, used 12771K [0x00000000c0000000, 0x00000000c4300000, 0x00000000eab00000)
  object space 68608K, 18% used [0x00000000c0000000,0x00000000c0c78f98,0x00000000c4300000)
 Metaspace       used 34928K, capacity 36776K, committed 36992K, reserved 1081344K
  class space    used 3505K, capacity 4178K, committed 4224K, reserved 1048576K
}
Event: 12.251 GC heap before
{Heap before GC invocations=10 (full 2):
 PSYoungGen      total 28160K, used 28150K [0x00000000eab00000, 0x00000000ecc00000, 0x0000000100000000)
  eden space 24576K, 100% used [0x00000000eab00000,0x00000000ec300000,0x00000000ec300000)
  from space 3584K, 99% used [0x00000000ec480000,0x00000000ec7fdb58,0x00000000ec800000)
  to   space 4096K, 0% used [0x00000000ec800000,0x00000000ec800000,0x00000000ecc00000)
 ParOldGen       total 68608K, used 12771K [0x00000000c0000000, 0x00000000c4300000, 0x00000000eab00000)
  object space 68608K, 18% used [0x00000000c0000000,0x00000000c0c78f98,0x00000000c4300000)
 Metaspace       used 35727K, capacity 37722K, committed 37888K, reserved 1083392K
  class space    used 3600K, capacity 4279K, committed 4352K, reserved 1048576K
}
Event: 12.266 GC heap after
{Heap after GC invocations=10 (full 2):
 PSYoungGen      total 27648K, used 4073K [0x00000000eab00000, 0x00000000ece80000, 0x0000000100000000)
  eden space 23552K, 0% used [0x00000000eab00000,0x00000000eab00000,0x00000000ec200000)
  from space 4096K, 99% used [0x00000000ec800000,0x00000000ecbfa670,0x00000000ecc00000)
  to   space 6144K, 0% used [0x00000000ec200000,0x00000000ec200000,0x00000000ec800000)
 ParOldGen       total 68608K, used 14350K [0x00000000c0000000, 0x00000000c4300000, 0x00000000eab00000)
  object space 68608K, 20% used [0x00000000c0000000,0x00000000c0e03988,0x00000000c4300000)
 Metaspace       used 35727K, capacity 37722K, committed 37888K, reserved 1083392K
  class space    used 3600K, capacity 4279K, committed 4352K, reserved 1048576K
}

